<?xml version="1.0" encoding="UTF-8"?>
<testsuite xmlns:xsi="http://www.w3.org/2001/XMLSchema-instance" xsi:noNamespaceSchemaLocation="https://maven.apache.org/surefire/maven-surefire-plugin/xsd/surefire-test-report-3.0.xsd" version="3.0" name="org.springframework.samples.petclinic.MySqlIntegrationTests" time="16.036" tests="2" errors="0" skipped="0" failures="0">
  <properties>
[...]
</properties>
  <testcase name="testFindAll" classname="org.springframework.samples.petclinic.MySqlIntegrationTests" time="0.03">
    <system-out><![CDATA[2023-10-10T16:42:07.223+01:00  INFO 4714 --- [           main] t.c.s.AnnotationConfigContextLoaderUtils : Could not detect default configuration classes for test class [org.springframework.samples.petclinic.MySqlIntegrationTests]: MySqlIntegrationTests does not declare any static, non-private, non-final, nested classes annotated with @Configuration.
2023-10-10T16:42:07.231+01:00  INFO 4714 --- [           main] .b.t.c.SpringBootTestContextBootstrapper : Found @SpringBootConfiguration org.springframework.samples.petclinic.PetClinicApplication for test class org.springframework.samples.petclinic.MySqlIntegrationTests
2023-10-10T16:42:07.240+01:00  INFO 4714 --- [           main] tc.mysql:5.7                             : Creating container for image: mysql:5.7
2023-10-10T16:42:07.347+01:00  INFO 4714 --- [           main] tc.mysql:5.7                             : Container mysql:5.7 is starting: 207cf165907978612e5965810f3ef2e6b7994b4095e980917936b8f7a3d49907
2023-10-10T16:42:07.781+01:00  INFO 4714 --- [           main] tc.mysql:5.7                             : Waiting for database connection to become available at jdbc:mysql://localhost:62136/test using query 'SELECT 1'
2023-10-10T16:42:14.586+01:00  INFO 4714 --- [           main] tc.mysql:5.7                             : Container mysql:5.7 started in PT7.346279873S
2023-10-10T16:42:14.587+01:00  INFO 4714 --- [           main] tc.mysql:5.7                             : Container is started (JDBC URL: jdbc:mysql://localhost:62136/test)


              |\      _,,,--,,_
             /,`.-'`'   ._  \-;;,_
  _______ __|,4-  ) )_   .;.(__`'-'__     ___ __    _ ___ _______
 |       | '---''(_/._)-'(_\_)   |   |   |   |  |  | |   |       |
 |    _  |    ___|_     _|       |   |   |   |   |_| |   |       | __ _ _
 |   |_| |   |___  |   | |       |   |   |   |       |   |       | \ \ \ \
 |    ___|    ___| |   | |      _|   |___|   |  _    |   |      _|  \ \ \ \
 |   |   |   |___  |   | |     |_|       |   | | |   |   |     |_    ) ) ) )
 |___|   |_______| |___| |_______|_______|___|_|  |__|___|_______|  / / / /
 ==================================================================/_/_/_/

:: Built with Spring Boot :: 3.1.3


2023-10-10T16:42:14.606+01:00  INFO 4714 --- [           main] o.s.s.petclinic.MySqlIntegrationTests    : Starting MySqlIntegrationTests using Java 17.0.8.1 with PID 4714 (started by jenkins in /var/lib/jenkins/workspace/DevOpsProject)
2023-10-10T16:42:14.606+01:00  INFO 4714 --- [           main] o.s.s.petclinic.MySqlIntegrationTests    : The following 1 profile is active: "mysql"
2023-10-10T16:42:14.735+01:00  INFO 4714 --- [           main] .s.d.r.c.RepositoryConfigurationDelegate : Bootstrapping Spring Data JPA repositories in DEFAULT mode.
2023-10-10T16:42:14.739+01:00  INFO 4714 --- [           main] .s.d.r.c.RepositoryConfigurationDelegate : Finished Spring Data repository scanning in 3 ms. Found 2 JPA repository interfaces.
2023-10-10T16:42:14.791+01:00  INFO 4714 --- [           main] o.s.b.w.embedded.tomcat.TomcatWebServer  : Tomcat initialized with port(s): 0 (http)
2023-10-10T16:42:14.791+01:00  INFO 4714 --- [           main] o.apache.catalina.core.StandardService   : Starting service [Tomcat]
2023-10-10T16:42:14.791+01:00  INFO 4714 --- [           main] o.apache.catalina.core.StandardEngine    : Starting Servlet engine: [Apache Tomcat/10.1.12]
2023-10-10T16:42:14.798+01:00  INFO 4714 --- [           main] o.a.c.c.C.[Tomcat-3].[localhost].[/]     : Initializing Spring embedded WebApplicationContext
2023-10-10T16:42:14.798+01:00  INFO 4714 --- [           main] w.s.c.ServletWebServerApplicationContext : Root WebApplicationContext: initialization completed in 190 ms
2023-10-10T16:42:14.834+01:00  INFO 4714 --- [           main] com.zaxxer.hikari.HikariDataSource       : HikariPool-3 - Starting...
2023-10-10T16:42:15.007+01:00  INFO 4714 --- [           main] com.zaxxer.hikari.pool.HikariPool        : HikariPool-3 - Added connection com.mysql.cj.jdbc.ConnectionImpl@1226c080
2023-10-10T16:42:15.007+01:00  INFO 4714 --- [           main] com.zaxxer.hikari.HikariDataSource       : HikariPool-3 - Start completed.
2023-10-10T16:42:15.190+01:00  INFO 4714 --- [           main] o.hibernate.jpa.internal.util.LogHelper  : HHH000204: Processing PersistenceUnitInfo [name: default]
2023-10-10T16:42:15.192+01:00  INFO 4714 --- [           main] o.h.b.i.BytecodeProviderInitiator        : HHH000021: Bytecode provider name : bytebuddy
2023-10-10T16:42:15.193+01:00  INFO 4714 --- [           main] o.s.o.j.p.SpringPersistenceUnitInfo      : No LoadTimeWeaver setup: ignoring JPA class transformer
2023-10-10T16:42:15.220+01:00  INFO 4714 --- [           main] o.h.b.i.BytecodeProviderInitiator        : HHH000021: Bytecode provider name : bytebuddy
2023-10-10T16:42:15.316+01:00  INFO 4714 --- [           main] o.h.e.t.j.p.i.JtaPlatformInitiator       : HHH000490: Using JtaPlatform implementation: [org.hibernate.engine.transaction.jta.platform.internal.NoJtaPlatform]
2023-10-10T16:42:15.316+01:00  INFO 4714 --- [           main] j.LocalContainerEntityManagerFactoryBean : Initialized JPA EntityManagerFactory for persistence unit 'default'
2023-10-10T16:42:15.322+01:00  INFO 4714 --- [           main] tc.mysql:5.7                             : Creating container for image: mysql:5.7
2023-10-10T16:42:15.360+01:00  INFO 4714 --- [           main] tc.mysql:5.7                             : Container mysql:5.7 is starting: 9c567166a578be0bb632bedf00ee6e9af82393aae50322c5b90ffdafb139c195
2023-10-10T16:42:15.759+01:00  INFO 4714 --- [           main] tc.mysql:5.7                             : Waiting for database connection to become available at jdbc:mysql://localhost:62143/test using query 'SELECT 1'
2023-10-10T16:42:22.501+01:00  INFO 4714 --- [           main] tc.mysql:5.7                             : Container mysql:5.7 started in PT7.179540823S
2023-10-10T16:42:22.502+01:00  INFO 4714 --- [           main] tc.mysql:5.7                             : Container is started (JDBC URL: jdbc:mysql://localhost:62143/test)
2023-10-10T16:42:22.635+01:00  INFO 4714 --- [           main] o.s.b.a.e.web.EndpointLinksResolver      : Exposing 13 endpoint(s) beneath base path '/actuator'
2023-10-10T16:42:22.651+01:00  INFO 4714 --- [           main] o.s.b.w.embedded.tomcat.TomcatWebServer  : Tomcat started on port(s): 44805 (http) with context path ''
2023-10-10T16:42:22.655+01:00  INFO 4714 --- [           main] o.s.s.petclinic.MySqlIntegrationTests    : Started MySqlIntegrationTests in 8.063 seconds (process running for 28.102)
]]></system-out>
  </testcase>
  <testcase name="testOwnerDetails" classname="org.springframework.samples.petclinic.MySqlIntegrationTests" time="0.041">
    <system-out><![CDATA[2023-10-10T16:42:22.690+01:00  INFO 4714 --- [o-auto-4-exec-1] o.a.c.c.C.[Tomcat-3].[localhost].[/]     : Initializing Spring DispatcherServlet 'dispatcherServlet'
2023-10-10T16:42:22.690+01:00  INFO 4714 --- [o-auto-4-exec-1] o.s.web.servlet.DispatcherServlet        : Initializing Servlet 'dispatcherServlet'
2023-10-10T16:42:22.691+01:00  INFO 4714 --- [o-auto-4-exec-1] o.s.web.servlet.DispatcherServlet        : Completed initialization in 1 ms
]]></system-out>
  </testcase>
</testsuite>